e:\syracuse(spring2016)\ood\project4\project4\clientgui\debug\vc140.pdb
e:\syracuse(spring2016)\ood\project4\project4\clientgui\debug\window.obj
e:\syracuse(spring2016)\ood\project4\project4\clientgui\debug\clientform.obj
e:\syracuse(spring2016)\ood\project4\project4\clientgui\debug\xmlresponsebodygenerator.obj
e:\syracuse(spring2016)\ood\project4\project4\clientgui\debug\xmlparser.obj
e:\syracuse(spring2016)\ood\project4\project4\clientgui\debug\xmlelement.obj
e:\syracuse(spring2016)\ood\project4\project4\clientgui\debug\xmlelementparts.obj
e:\syracuse(spring2016)\ood\project4\project4\clientgui\debug\tokenizer.obj
e:\syracuse(spring2016)\ood\project4\project4\clientgui\debug\xmldocument.obj
e:\syracuse(spring2016)\ood\project4\project4\clientgui\debug\httpmessage.obj
e:\syracuse(spring2016)\ood\project4\project4\clientgui\debug\.netframework,version=v4.5.2.assemblyattributes.obj
e:\syracuse(spring2016)\ood\project4\project4\clientgui\debug\.netframework,version=v4.5.2.assemblyattributes.asm
e:\syracuse(spring2016)\ood\project4\project4\clientgui\debug\clientgui.clientform.resources
e:\syracuse(spring2016)\ood\project4\project4\debug\clientgui.exe
e:\syracuse(spring2016)\ood\project4\project4\debug\clientgui.pdb
e:\syracuse(spring2016)\ood\project4\project4\clientgui\debug\clientgui.vcxproj.generateresource.cache
e:\syracuse(spring2016)\ood\project4\project4\clientgui\debug\clientgui.vcxprojresolveassemblyreference.cache
e:\syracuse(spring2016)\ood\project4\project4\clientgui\debug\clientgui.tlog\cl.command.1.tlog
e:\syracuse(spring2016)\ood\project4\project4\clientgui\debug\clientgui.tlog\cl.read.1.tlog
e:\syracuse(spring2016)\ood\project4\project4\clientgui\debug\clientgui.tlog\cl.write.1.tlog
e:\syracuse(spring2016)\ood\project4\project4\clientgui\debug\clientgui.tlog\clientgui.write.1u.tlog
e:\syracuse(spring2016)\ood\project4\project4\clientgui\debug\clientgui.tlog\link.command.1.tlog
e:\syracuse(spring2016)\ood\project4\project4\clientgui\debug\clientgui.tlog\link.read.1.tlog
e:\syracuse(spring2016)\ood\project4\project4\clientgui\debug\clientgui.tlog\link.write.1.tlog
e:\syracuse(spring2016)\ood\project4\project4\clientgui\debug\clientgui.tlog\metagen.read.1.tlog
e:\syracuse(spring2016)\ood\project4\project4\clientgui\debug\clientgui.tlog\metagen.write.1.tlog
e:\syracuse(spring2016)\ood\project4\project4\clientgui\debug\clientgui.tlog\tzres.dll.bi
