e:\syracuse(spring2016)\ood\project4\project4\channel\debug\vc140.pdb
e:\syracuse(spring2016)\ood\project4\project4\channel\debug\vc140.idb
e:\syracuse(spring2016)\ood\project4\project4\channel\debug\client.obj
e:\syracuse(spring2016)\ood\project4\project4\channel\debug\filesystem.obj
e:\syracuse(spring2016)\ood\project4\project4\channel\debug\httpmessage.obj
e:\syracuse(spring2016)\ood\project4\project4\channel\debug\cpp11-blockingqueue.obj
e:\syracuse(spring2016)\ood\project4\project4\channel\debug\logger.obj
e:\syracuse(spring2016)\ood\project4\project4\channel\debug\sockets.obj
e:\syracuse(spring2016)\ood\project4\project4\channel\debug\xmldocument.obj
e:\syracuse(spring2016)\ood\project4\project4\channel\debug\tokenizer.obj
e:\syracuse(spring2016)\ood\project4\project4\channel\debug\xmlelementparts.obj
e:\syracuse(spring2016)\ood\project4\project4\channel\debug\xmlelement.obj
e:\syracuse(spring2016)\ood\project4\project4\channel\debug\xmlparser.obj
e:\syracuse(spring2016)\ood\project4\project4\channel\debug\xmlresponsebodygenerator.obj
e:\syracuse(spring2016)\ood\project4\project4\channel\debug\channel.obj
e:\syracuse(spring2016)\ood\project4\project4\debug\channel.pdb
e:\syracuse(spring2016)\ood\project4\project4\channel\debug\channel.tlog\cl.command.1.tlog
e:\syracuse(spring2016)\ood\project4\project4\channel\debug\channel.tlog\cl.read.1.tlog
e:\syracuse(spring2016)\ood\project4\project4\channel\debug\channel.tlog\cl.write.1.tlog
e:\syracuse(spring2016)\ood\project4\project4\channel\debug\channel.tlog\link-cvtres.read.1.tlog
e:\syracuse(spring2016)\ood\project4\project4\channel\debug\channel.tlog\link-cvtres.write.1.tlog
e:\syracuse(spring2016)\ood\project4\project4\channel\debug\channel.tlog\link-rc.read.1.tlog
e:\syracuse(spring2016)\ood\project4\project4\channel\debug\channel.tlog\link-rc.write.1.tlog
e:\syracuse(spring2016)\ood\project4\project4\channel\debug\channel.tlog\link.command.1.tlog
e:\syracuse(spring2016)\ood\project4\project4\channel\debug\channel.tlog\link.read.1.tlog
e:\syracuse(spring2016)\ood\project4\project4\channel\debug\channel.tlog\link.write.1.tlog
