e:\syracuse(spring2016)\ood\project4\project4\repository\debug\vc140.pdb
e:\syracuse(spring2016)\ood\project4\project4\repository\debug\vc140.idb
e:\syracuse(spring2016)\ood\project4\project4\repository\debug\filesystem.obj
e:\syracuse(spring2016)\ood\project4\project4\repository\debug\xmldocument.obj
e:\syracuse(spring2016)\ood\project4\project4\repository\debug\tokenizer.obj
e:\syracuse(spring2016)\ood\project4\project4\repository\debug\xmlelementparts.obj
e:\syracuse(spring2016)\ood\project4\project4\repository\debug\xmlelement.obj
e:\syracuse(spring2016)\ood\project4\project4\repository\debug\xmlparser.obj
e:\syracuse(spring2016)\ood\project4\project4\repository\debug\filemgr.obj
e:\syracuse(spring2016)\ood\project4\project4\repository\debug\metadatamgr.obj
e:\syracuse(spring2016)\ood\project4\project4\repository\debug\repository.obj
e:\syracuse(spring2016)\ood\project4\project4\debug\repository.ilk
e:\syracuse(spring2016)\ood\project4\project4\debug\repository.exe
e:\syracuse(spring2016)\ood\project4\project4\debug\repository.pdb
e:\syracuse(spring2016)\ood\project4\project4\repository\debug\repository.tlog\cl.command.1.tlog
e:\syracuse(spring2016)\ood\project4\project4\repository\debug\repository.tlog\cl.read.1.tlog
e:\syracuse(spring2016)\ood\project4\project4\repository\debug\repository.tlog\cl.write.1.tlog
e:\syracuse(spring2016)\ood\project4\project4\repository\debug\repository.tlog\link.command.1.tlog
e:\syracuse(spring2016)\ood\project4\project4\repository\debug\repository.tlog\link.read.1.tlog
e:\syracuse(spring2016)\ood\project4\project4\repository\debug\repository.tlog\link.write.1.tlog
