e:\syracuse(spring2016)\ood\project4\project4\client\debug\vc140.pdb
e:\syracuse(spring2016)\ood\project4\project4\client\debug\vc140.idb
e:\syracuse(spring2016)\ood\project4\project4\client\debug\httpmessage.obj
e:\syracuse(spring2016)\ood\project4\project4\client\debug\cpp11-blockingqueue.obj
e:\syracuse(spring2016)\ood\project4\project4\client\debug\logger.obj
e:\syracuse(spring2016)\ood\project4\project4\client\debug\sockets.obj
e:\syracuse(spring2016)\ood\project4\project4\client\debug\utilities.obj
e:\syracuse(spring2016)\ood\project4\project4\client\debug\client.obj
e:\syracuse(spring2016)\ood\project4\project4\client\debug\metadatamgr.obj
e:\syracuse(spring2016)\ood\project4\project4\client\debug\xmldocument.obj
e:\syracuse(spring2016)\ood\project4\project4\client\debug\tokenizer.obj
e:\syracuse(spring2016)\ood\project4\project4\client\debug\xmlelementparts.obj
e:\syracuse(spring2016)\ood\project4\project4\client\debug\xmlelement.obj
e:\syracuse(spring2016)\ood\project4\project4\client\debug\xmlparser.obj
e:\syracuse(spring2016)\ood\project4\project4\client\debug\xmlresponsebodygenerator.obj
e:\syracuse(spring2016)\ood\project4\project4\client\debug\filesystem.obj
e:\syracuse(spring2016)\ood\project4\project4\debug\client.ilk
e:\syracuse(spring2016)\ood\project4\project4\debug\client.exe
e:\syracuse(spring2016)\ood\project4\project4\debug\client.pdb
e:\syracuse(spring2016)\ood\project4\project4\client\debug\client.tlog\cl.command.1.tlog
e:\syracuse(spring2016)\ood\project4\project4\client\debug\client.tlog\cl.read.1.tlog
e:\syracuse(spring2016)\ood\project4\project4\client\debug\client.tlog\cl.write.1.tlog
e:\syracuse(spring2016)\ood\project4\project4\client\debug\client.tlog\link.command.1.tlog
e:\syracuse(spring2016)\ood\project4\project4\client\debug\client.tlog\link.read.1.tlog
e:\syracuse(spring2016)\ood\project4\project4\client\debug\client.tlog\link.write.1.tlog
