e:\syracuse(spring2016)\ood\project4\project4\project4\debug\vc140.pdb
e:\syracuse(spring2016)\ood\project4\project4\project4\debug\vc140.idb
e:\syracuse(spring2016)\ood\project4\project4\project4\debug\httpmessage.obj
e:\syracuse(spring2016)\ood\project4\project4\project4\debug\cpp11-blockingqueue.obj
e:\syracuse(spring2016)\ood\project4\project4\project4\debug\logger.obj
e:\syracuse(spring2016)\ood\project4\project4\project4\debug\sockets.obj
e:\syracuse(spring2016)\ood\project4\project4\project4\debug\utilities.obj
e:\syracuse(spring2016)\ood\project4\project4\project4\debug\server.obj
e:\syracuse(spring2016)\ood\project4\project4\project4\debug\filemgr.obj
e:\syracuse(spring2016)\ood\project4\project4\project4\debug\metadatamgr.obj
e:\syracuse(spring2016)\ood\project4\project4\project4\debug\repository.obj
e:\syracuse(spring2016)\ood\project4\project4\project4\debug\xmlresponsebodygenerator.obj
e:\syracuse(spring2016)\ood\project4\project4\project4\debug\xmldocument.obj
e:\syracuse(spring2016)\ood\project4\project4\project4\debug\xmlelement.obj
e:\syracuse(spring2016)\ood\project4\project4\project4\debug\tokenizer.obj
e:\syracuse(spring2016)\ood\project4\project4\project4\debug\xmlelementparts.obj
e:\syracuse(spring2016)\ood\project4\project4\project4\debug\xmlparser.obj
e:\syracuse(spring2016)\ood\project4\project4\project4\debug\filesystem.obj
e:\syracuse(spring2016)\ood\project4\project4\debug\server.ilk
e:\syracuse(spring2016)\ood\project4\project4\debug\server.exe
e:\syracuse(spring2016)\ood\project4\project4\debug\server.pdb
e:\syracuse(spring2016)\ood\project4\project4\project4\debug\server.tlog\cl.command.1.tlog
e:\syracuse(spring2016)\ood\project4\project4\project4\debug\server.tlog\cl.read.1.tlog
e:\syracuse(spring2016)\ood\project4\project4\project4\debug\server.tlog\cl.write.1.tlog
e:\syracuse(spring2016)\ood\project4\project4\project4\debug\server.tlog\link.command.1.tlog
e:\syracuse(spring2016)\ood\project4\project4\project4\debug\server.tlog\link.read.1.tlog
e:\syracuse(spring2016)\ood\project4\project4\project4\debug\server.tlog\link.write.1.tlog
